<?xml version="1.0" encoding="UTF-8"?>
<!-- Generated by org.testng.reporters.JUnitReportReporter -->
<testsuite hostname="vishal" failures="0" tests="1" name="testlayer.Testlayer" time="29.274" errors="0" timestamp="2022-10-23T22:54:31 EDT" skipped="0">
  <testcase classname="testlayer.Testlayer" name="cancelledorder" time="29.274"/>
  <system-out/>
</testsuite> <!-- testlayer.Testlayer -->
